2024-02-01 19:02:640 INFO  HomePage :32 - get the title of the page 
2024-02-01 19:02:199 INFO  HomePage :38 - click on cookies [[ChromeDriver: chrome on windows (53fd1158885cd609767839334892135c)] -> xpath: //label[normalize-space()='Necessary cookies only']]
2024-02-01 19:02:601 INFO  HomePage :43 - click on JoinNow Tab [[ChromeDriver: chrome on windows (53fd1158885cd609767839334892135c)] -> xpath: //a[normalize-space()='Join Now']]
2024-02-01 19:02:640 INFO  HomePage :32 - get the title of the page 
2024-02-01 19:02:782 INFO  HomePage :38 - click on cookies [[ChromeDriver: chrome on windows (065da01e0a5be600baba82de4a637bc0)] -> xpath: //label[normalize-space()='Necessary cookies only']]
2024-02-01 19:02:938 WARN  FileSystemFontProvider :607 - New fonts found, font cache will be re-built
2024-02-01 19:02:940 WARN  FileSystemFontProvider :360 - Building on-disk font cache, this may take a while
2024-02-01 19:02:253 WARN  FileSystemFontProvider :363 - Finished building on-disk font cache, found 374 fonts
2024-02-01 19:02:184 INFO  HomePage :32 - get the title of the page 
2024-02-01 19:02:359 INFO  HomePage :38 - click on cookies [[ChromeDriver: chrome on windows (933c9e0a15fc5ef7a088fabc10ef913b)] -> xpath: //label[normalize-space()='Necessary cookies only']]
2024-02-01 19:02:861 INFO  HomePage :43 - click on JoinNow Tab [[ChromeDriver: chrome on windows (933c9e0a15fc5ef7a088fabc10ef913b)] -> xpath: //a[normalize-space()='Join Now']]
2024-02-01 19:02:497 INFO  HomePage :32 - get the title of the page 
2024-02-01 19:02:804 INFO  HomePage :38 - click on cookies [[ChromeDriver: chrome on windows (1ff72736a1dc50112f885e9cd8a00b2a)] -> xpath: //label[normalize-space()='Necessary cookies only']]
2024-02-01 19:02:506 INFO  HomePage :58 - Click on Online Slots tab [[[ChromeDriver: chrome on windows (1ff72736a1dc50112f885e9cd8a00b2a)] -> xpath: //li[@class='StyledNavigationMenuListItem-sc-v46bks-2 hRASAg']/a/span], [[ChromeDriver: chrome on windows (1ff72736a1dc50112f885e9cd8a00b2a)] -> xpath: //li[@class='StyledNavigationMenuListItem-sc-v46bks-2 hRASAg']/a/span], [[ChromeDriver: chrome on windows (1ff72736a1dc50112f885e9cd8a00b2a)] -> xpath: //li[@class='StyledNavigationMenuListItem-sc-v46bks-2 hRASAg']/a/span], [[ChromeDriver: chrome on windows (1ff72736a1dc50112f885e9cd8a00b2a)] -> xpath: //li[@class='StyledNavigationMenuListItem-sc-v46bks-2 hRASAg']/a/span], [[ChromeDriver: chrome on windows (1ff72736a1dc50112f885e9cd8a00b2a)] -> xpath: //li[@class='StyledNavigationMenuListItem-sc-v46bks-2 hRASAg']/a/span], [[ChromeDriver: chrome on windows (1ff72736a1dc50112f885e9cd8a00b2a)] -> xpath: //li[@class='StyledNavigationMenuListItem-sc-v46bks-2 hRASAg']/a/span], [[ChromeDriver: chrome on windows (1ff72736a1dc50112f885e9cd8a00b2a)] -> xpath: //li[@class='StyledNavigationMenuListItem-sc-v46bks-2 hRASAg']/a/span], [[ChromeDriver: chrome on windows (1ff72736a1dc50112f885e9cd8a00b2a)] -> xpath: //li[@class='StyledNavigationMenuListItem-sc-v46bks-2 hRASAg']/a/span], [[ChromeDriver: chrome on windows (1ff72736a1dc50112f885e9cd8a00b2a)] -> xpath: //li[@class='StyledNavigationMenuListItem-sc-v46bks-2 hRASAg']/a/span]]
2024-02-01 19:02:568 INFO  OnlineSlotsPage :19 - Get text of OnlineSlot: [[ChromeDriver: chrome on windows (1ff72736a1dc50112f885e9cd8a00b2a)] -> xpath: //h1[normalize-space()='Play Online Slots at Virgin Games']]
2024-02-02 00:02:90 INFO  HomePage :32 - get the title of the page 
2024-02-02 00:02:46 INFO  HomePage :38 - click on cookies [[ChromeDriver: chrome on windows (33521e1c2a903fe66bc102c8c65bdfdd)] -> xpath: //label[normalize-space()='Necessary cookies only']]
2024-02-02 00:02:758 INFO  HomePage :43 - click on JoinNow Tab [[ChromeDriver: chrome on windows (33521e1c2a903fe66bc102c8c65bdfdd)] -> xpath: //a[normalize-space()='Join Now']]
2024-02-02 00:02:236 INFO  HomePage :32 - get the title of the page 
2024-02-02 00:02:390 INFO  HomePage :38 - click on cookies [[ChromeDriver: chrome on windows (7725822d46e45a657ea4ff19d98ad1e5)] -> xpath: //label[normalize-space()='Necessary cookies only']]
2024-02-02 00:02:909 INFO  HomePage :53 - Click on Online Slots tab [[[ChromeDriver: chrome on windows (7725822d46e45a657ea4ff19d98ad1e5)] -> xpath: //li[@class='StyledNavigationMenuListItem-sc-v46bks-2 hRASAg']/a/span], [[ChromeDriver: chrome on windows (7725822d46e45a657ea4ff19d98ad1e5)] -> xpath: //li[@class='StyledNavigationMenuListItem-sc-v46bks-2 hRASAg']/a/span], [[ChromeDriver: chrome on windows (7725822d46e45a657ea4ff19d98ad1e5)] -> xpath: //li[@class='StyledNavigationMenuListItem-sc-v46bks-2 hRASAg']/a/span], [[ChromeDriver: chrome on windows (7725822d46e45a657ea4ff19d98ad1e5)] -> xpath: //li[@class='StyledNavigationMenuListItem-sc-v46bks-2 hRASAg']/a/span], [[ChromeDriver: chrome on windows (7725822d46e45a657ea4ff19d98ad1e5)] -> xpath: //li[@class='StyledNavigationMenuListItem-sc-v46bks-2 hRASAg']/a/span], [[ChromeDriver: chrome on windows (7725822d46e45a657ea4ff19d98ad1e5)] -> xpath: //li[@class='StyledNavigationMenuListItem-sc-v46bks-2 hRASAg']/a/span], [[ChromeDriver: chrome on windows (7725822d46e45a657ea4ff19d98ad1e5)] -> xpath: //li[@class='StyledNavigationMenuListItem-sc-v46bks-2 hRASAg']/a/span], [[ChromeDriver: chrome on windows (7725822d46e45a657ea4ff19d98ad1e5)] -> xpath: //li[@class='StyledNavigationMenuListItem-sc-v46bks-2 hRASAg']/a/span], [[ChromeDriver: chrome on windows (7725822d46e45a657ea4ff19d98ad1e5)] -> xpath: //li[@class='StyledNavigationMenuListItem-sc-v46bks-2 hRASAg']/a/span]]
2024-02-02 00:02:260 INFO  OnlineSlotsPage :19 - Get text of OnlineSlot: [[ChromeDriver: chrome on windows (7725822d46e45a657ea4ff19d98ad1e5)] -> xpath: //h1[normalize-space()='Play Online Slots at Virgin Games']]
